2023-03-26 06:28:57,296 Connection added on taskZKA server
2023-03-26 06:28:57,301 Connection established with ZKA server
2023-03-26 06:28:57,788 Opened Selected List File to write into
2023-03-26 06:28:58,043 Sent Ad list to server
2023-03-26 06:28:58,044 Connection closed with ZKA server
2023-03-26 06:29:40,342 Connection added on taskZKA server
2023-03-26 06:29:40,345 Connection established with ZKA server
2023-03-26 06:29:40,857 Opened Selected List File to write into
2023-03-26 06:29:41,166 Sent Ad list to server
2023-03-26 06:29:41,167 Connection closed with ZKA server
2023-03-26 06:29:49,940 Connection added on taskZKA server
2023-03-26 06:29:49,942 Connection established with ZKA server
2023-03-26 06:29:50,470 Opened Selected List File to write into
2023-03-26 06:29:50,713 Sent Ad list to server
2023-03-26 06:29:50,713 Connection closed with ZKA server
2023-03-26 06:31:57,779 Connection added on taskZKA server
2023-03-26 06:31:57,782 Connection established with ZKA server
2023-03-26 06:31:58,245 Opened Selected List File to write into
2023-03-26 06:31:58,555 Sent Ad list to server
2023-03-26 06:31:58,556 Connection closed with ZKA server
2023-03-26 06:33:47,844 Connection added on taskZKA server
2023-03-26 06:33:47,848 Connection established with ZKA server
2023-03-26 06:33:48,310 Opened Selected List File to write into
2023-03-26 06:33:48,561 Sent Ad list to server
2023-03-26 06:33:48,562 Connection closed with ZKA server
2023-03-26 06:34:17,381 Connection added on taskZKA server
2023-03-26 06:34:17,383 Connection established with ZKA server
2023-03-26 06:34:17,831 Opened Selected List File to write into
2023-03-26 06:34:18,087 Sent Ad list to server
2023-03-26 06:34:18,088 Connection closed with ZKA server
2023-03-26 06:35:41,859 Connection added on taskZKA server
2023-03-26 06:35:41,861 Connection established with ZKA server
2023-03-26 06:35:42,385 Opened Selected List File to write into
2023-03-26 06:35:42,701 Sent Ad list to server
2023-03-26 06:35:42,702 Connection closed with ZKA server
